1715689304.677329 client started (1102): version 3.2a, socket /tmp/tmux-1000/default, protocol 8
1715689304.677359 on Linux 6.5.0-1018-aws #18~22.04.1-Ubuntu SMP Fri Apr  5 17:44:33 UTC 2024
1715689304.677365 using libevent 2.1.12-stable (poll); ncurses 6.3
1715689304.677385 flags are 0x18010000
1715689304.677389 socket is /tmp/tmux-1000/default
1715689304.677402 trying connect
1715689304.677415 connect failed: No such file or directory
1715689304.677424 lock file is /tmp/tmux-1000/default.lock
1715689304.677450 flock succeeded
1715689304.677454 got lock (6)
1715689304.677462 trying connect
1715689304.677470 connect failed: No such file or directory
1715689304.677689 add peer 0x57ee008a6b40: 7 ((nil))
1715689304.678433 sending message 100 to peer 0x57ee008a6b40 (4 bytes)
1715689304.678445 sending message 111 to peer 0x57ee008a6b40 (8 bytes)
1715689304.678449 sending message 101 to peer 0x57ee008a6b40 (15 bytes)
1715689304.678454 sending message 109 to peer 0x57ee008a6b40 (4 bytes)
1715689304.678458 sending message 102 to peer 0x57ee008a6b40 (11 bytes)
1715689304.678462 sending message 108 to peer 0x57ee008a6b40 (27 bytes)
1715689304.678467 sending message 112 to peer 0x57ee008a6b40 (58 bytes)
1715689304.678471 sending message 112 to peer 0x57ee008a6b40 (5 bytes)
1715689304.678475 sending message 112 to peer 0x57ee008a6b40 (5 bytes)
1715689304.678480 sending message 112 to peer 0x57ee008a6b40 (6 bytes)
1715689304.678484 sending message 112 to peer 0x57ee008a6b40 (6 bytes)
1715689304.678488 sending message 112 to peer 0x57ee008a6b40 (11 bytes)
1715689304.678492 sending message 112 to peer 0x57ee008a6b40 (10 bytes)
1715689304.678496 sending message 112 to peer 0x57ee008a6b40 (13 bytes)
1715689304.678500 sending message 112 to peer 0x57ee008a6b40 (14 bytes)
1715689304.678504 sending message 112 to peer 0x57ee008a6b40 (19 bytes)
1715689304.678509 sending message 112 to peer 0x57ee008a6b40 (11 bytes)
1715689304.678513 sending message 112 to peer 0x57ee008a6b40 (10 bytes)
1715689304.678517 sending message 112 to peer 0x57ee008a6b40 (15 bytes)
1715689304.678521 sending message 112 to peer 0x57ee008a6b40 (21 bytes)
1715689304.678559 sending message 112 to peer 0x57ee008a6b40 (13 bytes)
1715689304.678565 sending message 112 to peer 0x57ee008a6b40 (7 bytes)
1715689304.678570 sending message 112 to peer 0x57ee008a6b40 (13 bytes)
1715689304.678574 sending message 112 to peer 0x57ee008a6b40 (7 bytes)
1715689304.678578 sending message 112 to peer 0x57ee008a6b40 (13 bytes)
1715689304.678582 sending message 112 to peer 0x57ee008a6b40 (9 bytes)
1715689304.678586 sending message 112 to peer 0x57ee008a6b40 (21 bytes)
1715689304.678591 sending message 112 to peer 0x57ee008a6b40 (13 bytes)
1715689304.678595 sending message 112 to peer 0x57ee008a6b40 (9 bytes)
1715689304.678599 sending message 112 to peer 0x57ee008a6b40 (16 bytes)
1715689304.678603 sending message 112 to peer 0x57ee008a6b40 (13 bytes)
1715689304.678607 sending message 112 to peer 0x57ee008a6b40 (9 bytes)
1715689304.678611 sending message 112 to peer 0x57ee008a6b40 (9 bytes)
1715689304.678616 sending message 112 to peer 0x57ee008a6b40 (12 bytes)
1715689304.678620 sending message 112 to peer 0x57ee008a6b40 (8 bytes)
1715689304.678624 sending message 112 to peer 0x57ee008a6b40 (8 bytes)
1715689304.678628 sending message 112 to peer 0x57ee008a6b40 (13 bytes)
1715689304.678632 sending message 112 to peer 0x57ee008a6b40 (7 bytes)
1715689304.678636 sending message 112 to peer 0x57ee008a6b40 (7 bytes)
1715689304.678640 sending message 112 to peer 0x57ee008a6b40 (9 bytes)
1715689304.678644 sending message 112 to peer 0x57ee008a6b40 (9 bytes)
1715689304.678649 sending message 112 to peer 0x57ee008a6b40 (15 bytes)
1715689304.678653 sending message 112 to peer 0x57ee008a6b40 (13 bytes)
1715689304.678657 sending message 112 to peer 0x57ee008a6b40 (12 bytes)
1715689304.678662 sending message 112 to peer 0x57ee008a6b40 (8 bytes)
1715689304.678666 sending message 112 to peer 0x57ee008a6b40 (14 bytes)
1715689304.678670 sending message 112 to peer 0x57ee008a6b40 (11 bytes)
1715689304.678674 sending message 112 to peer 0x57ee008a6b40 (9 bytes)
1715689304.678686 sending message 112 to peer 0x57ee008a6b40 (10 bytes)
1715689304.678696 sending message 112 to peer 0x57ee008a6b40 (10 bytes)
1715689304.678701 sending message 112 to peer 0x57ee008a6b40 (10 bytes)
1715689304.678705 sending message 112 to peer 0x57ee008a6b40 (10 bytes)
1715689304.678709 sending message 112 to peer 0x57ee008a6b40 (11 bytes)
1715689304.678714 sending message 112 to peer 0x57ee008a6b40 (12 bytes)
1715689304.678719 sending message 112 to peer 0x57ee008a6b40 (12 bytes)
1715689304.678723 sending message 112 to peer 0x57ee008a6b40 (12 bytes)
1715689304.678727 sending message 112 to peer 0x57ee008a6b40 (12 bytes)
1715689304.678731 sending message 112 to peer 0x57ee008a6b40 (12 bytes)
1715689304.678735 sending message 112 to peer 0x57ee008a6b40 (11 bytes)
1715689304.678740 sending message 112 to peer 0x57ee008a6b40 (11 bytes)
1715689304.678744 sending message 112 to peer 0x57ee008a6b40 (12 bytes)
1715689304.678748 sending message 112 to peer 0x57ee008a6b40 (12 bytes)
1715689304.678752 sending message 112 to peer 0x57ee008a6b40 (12 bytes)
1715689304.678756 sending message 112 to peer 0x57ee008a6b40 (12 bytes)
1715689304.678760 sending message 112 to peer 0x57ee008a6b40 (12 bytes)
1715689304.678764 sending message 112 to peer 0x57ee008a6b40 (9 bytes)
1715689304.678769 sending message 112 to peer 0x57ee008a6b40 (12 bytes)
1715689304.678773 sending message 112 to peer 0x57ee008a6b40 (13 bytes)
1715689304.678778 sending message 112 to peer 0x57ee008a6b40 (13 bytes)
1715689304.678784 sending message 112 to peer 0x57ee008a6b40 (13 bytes)
1715689304.678788 sending message 112 to peer 0x57ee008a6b40 (13 bytes)
1715689304.678792 sending message 112 to peer 0x57ee008a6b40 (13 bytes)
1715689304.678796 sending message 112 to peer 0x57ee008a6b40 (8 bytes)
1715689304.678801 sending message 112 to peer 0x57ee008a6b40 (11 bytes)
1715689304.678806 sending message 112 to peer 0x57ee008a6b40 (11 bytes)
1715689304.678810 sending message 112 to peer 0x57ee008a6b40 (11 bytes)
1715689304.678814 sending message 112 to peer 0x57ee008a6b40 (12 bytes)
1715689304.678818 sending message 112 to peer 0x57ee008a6b40 (12 bytes)
1715689304.678822 sending message 112 to peer 0x57ee008a6b40 (12 bytes)
1715689304.678826 sending message 112 to peer 0x57ee008a6b40 (12 bytes)
1715689304.678831 sending message 112 to peer 0x57ee008a6b40 (13 bytes)
1715689304.678835 sending message 112 to peer 0x57ee008a6b40 (13 bytes)
1715689304.678839 sending message 112 to peer 0x57ee008a6b40 (13 bytes)
1715689304.678843 sending message 112 to peer 0x57ee008a6b40 (8 bytes)
1715689304.678847 sending message 112 to peer 0x57ee008a6b40 (13 bytes)
1715689304.678852 sending message 112 to peer 0x57ee008a6b40 (13 bytes)
1715689304.678856 sending message 112 to peer 0x57ee008a6b40 (13 bytes)
1715689304.678860 sending message 112 to peer 0x57ee008a6b40 (13 bytes)
1715689304.678864 sending message 112 to peer 0x57ee008a6b40 (13 bytes)
1715689304.678868 sending message 112 to peer 0x57ee008a6b40 (12 bytes)
1715689304.678872 sending message 112 to peer 0x57ee008a6b40 (12 bytes)
1715689304.678877 sending message 112 to peer 0x57ee008a6b40 (12 bytes)
1715689304.678881 sending message 112 to peer 0x57ee008a6b40 (12 bytes)
1715689304.678885 sending message 112 to peer 0x57ee008a6b40 (13 bytes)
1715689304.678889 sending message 112 to peer 0x57ee008a6b40 (8 bytes)
1715689304.678893 sending message 112 to peer 0x57ee008a6b40 (13 bytes)
1715689304.678897 sending message 112 to peer 0x57ee008a6b40 (13 bytes)
1715689304.678901 sending message 112 to peer 0x57ee008a6b40 (13 bytes)
1715689304.678906 sending message 112 to peer 0x57ee008a6b40 (13 bytes)
1715689304.678910 sending message 112 to peer 0x57ee008a6b40 (13 bytes)
1715689304.678914 sending message 112 to peer 0x57ee008a6b40 (13 bytes)
1715689304.678918 sending message 112 to peer 0x57ee008a6b40 (13 bytes)
1715689304.678924 sending message 112 to peer 0x57ee008a6b40 (12 bytes)
1715689304.678928 sending message 112 to peer 0x57ee008a6b40 (12 bytes)
1715689304.678932 sending message 112 to peer 0x57ee008a6b40 (12 bytes)
1715689304.678941 sending message 112 to peer 0x57ee008a6b40 (8 bytes)
1715689304.678956 sending message 112 to peer 0x57ee008a6b40 (12 bytes)
1715689304.678962 sending message 112 to peer 0x57ee008a6b40 (13 bytes)
1715689304.678966 sending message 112 to peer 0x57ee008a6b40 (13 bytes)
1715689304.679561 sending message 112 to peer 0x57ee008a6b40 (13 bytes)
1715689304.679576 sending message 112 to peer 0x57ee008a6b40 (13 bytes)
1715689304.679580 sending message 112 to peer 0x57ee008a6b40 (13 bytes)
1715689304.679585 sending message 112 to peer 0x57ee008a6b40 (13 bytes)
1715689304.679588 sending message 112 to peer 0x57ee008a6b40 (13 bytes)
1715689304.679593 sending message 112 to peer 0x57ee008a6b40 (13 bytes)
1715689304.679597 sending message 112 to peer 0x57ee008a6b40 (12 bytes)
1715689304.679601 sending message 112 to peer 0x57ee008a6b40 (10 bytes)
1715689304.679607 sending message 112 to peer 0x57ee008a6b40 (12 bytes)
1715689304.679617 sending message 112 to peer 0x57ee008a6b40 (12 bytes)
1715689304.679621 sending message 112 to peer 0x57ee008a6b40 (12 bytes)
1715689304.679625 sending message 112 to peer 0x57ee008a6b40 (13 bytes)
1715689304.679629 sending message 112 to peer 0x57ee008a6b40 (13 bytes)
1715689304.679633 sending message 112 to peer 0x57ee008a6b40 (13 bytes)
1715689304.679637 sending message 112 to peer 0x57ee008a6b40 (13 bytes)
1715689304.679641 sending message 112 to peer 0x57ee008a6b40 (13 bytes)
1715689304.679645 sending message 112 to peer 0x57ee008a6b40 (13 bytes)
1715689304.679649 sending message 112 to peer 0x57ee008a6b40 (13 bytes)
1715689304.679652 sending message 112 to peer 0x57ee008a6b40 (10 bytes)
1715689304.679656 sending message 112 to peer 0x57ee008a6b40 (13 bytes)
1715689304.679660 sending message 112 to peer 0x57ee008a6b40 (12 bytes)
1715689304.679664 sending message 112 to peer 0x57ee008a6b40 (12 bytes)
1715689304.679668 sending message 112 to peer 0x57ee008a6b40 (12 bytes)
1715689304.679672 sending message 112 to peer 0x57ee008a6b40 (10 bytes)
1715689304.679676 sending message 112 to peer 0x57ee008a6b40 (10 bytes)
1715689304.679680 sending message 112 to peer 0x57ee008a6b40 (10 bytes)
1715689304.679684 sending message 112 to peer 0x57ee008a6b40 (12 bytes)
1715689304.679688 sending message 112 to peer 0x57ee008a6b40 (13 bytes)
1715689304.679692 sending message 112 to peer 0x57ee008a6b40 (13 bytes)
1715689304.679696 sending message 112 to peer 0x57ee008a6b40 (13 bytes)
1715689304.679700 sending message 112 to peer 0x57ee008a6b40 (13 bytes)
1715689304.679704 sending message 112 to peer 0x57ee008a6b40 (13 bytes)
1715689304.679708 sending message 112 to peer 0x57ee008a6b40 (10 bytes)
1715689304.679712 sending message 112 to peer 0x57ee008a6b40 (11 bytes)
1715689304.679716 sending message 112 to peer 0x57ee008a6b40 (12 bytes)
1715689304.679720 sending message 112 to peer 0x57ee008a6b40 (12 bytes)
1715689304.679724 sending message 112 to peer 0x57ee008a6b40 (12 bytes)
1715689304.679728 sending message 112 to peer 0x57ee008a6b40 (12 bytes)
1715689304.679732 sending message 112 to peer 0x57ee008a6b40 (12 bytes)
1715689304.679736 sending message 112 to peer 0x57ee008a6b40 (11 bytes)
1715689304.679740 sending message 112 to peer 0x57ee008a6b40 (12 bytes)
1715689304.679744 sending message 112 to peer 0x57ee008a6b40 (12 bytes)
1715689304.679748 sending message 112 to peer 0x57ee008a6b40 (13 bytes)
1715689304.679751 sending message 112 to peer 0x57ee008a6b40 (13 bytes)
1715689304.679755 sending message 112 to peer 0x57ee008a6b40 (13 bytes)
1715689304.679759 sending message 112 to peer 0x57ee008a6b40 (13 bytes)
1715689304.679763 sending message 112 to peer 0x57ee008a6b40 (13 bytes)
1715689304.679767 sending message 112 to peer 0x57ee008a6b40 (10 bytes)
1715689304.679771 sending message 112 to peer 0x57ee008a6b40 (9 bytes)
1715689304.679775 sending message 112 to peer 0x57ee008a6b40 (12 bytes)
1715689304.679779 sending message 112 to peer 0x57ee008a6b40 (13 bytes)
1715689304.679784 sending message 112 to peer 0x57ee008a6b40 (13 bytes)
1715689304.679788 sending message 112 to peer 0x57ee008a6b40 (13 bytes)
1715689304.679799 sending message 112 to peer 0x57ee008a6b40 (13 bytes)
1715689304.679803 sending message 112 to peer 0x57ee008a6b40 (13 bytes)
1715689304.679807 sending message 112 to peer 0x57ee008a6b40 (9 bytes)
1715689304.679811 sending message 112 to peer 0x57ee008a6b40 (12 bytes)
1715689304.679815 sending message 112 to peer 0x57ee008a6b40 (13 bytes)
1715689304.679819 sending message 112 to peer 0x57ee008a6b40 (13 bytes)
1715689304.679823 sending message 112 to peer 0x57ee008a6b40 (13 bytes)
1715689304.679827 sending message 112 to peer 0x57ee008a6b40 (13 bytes)
1715689304.679831 sending message 112 to peer 0x57ee008a6b40 (13 bytes)
1715689304.679835 sending message 112 to peer 0x57ee008a6b40 (11 bytes)
1715689304.679839 sending message 112 to peer 0x57ee008a6b40 (12 bytes)
1715689304.679843 sending message 112 to peer 0x57ee008a6b40 (13 bytes)
1715689304.679850 sending message 112 to peer 0x57ee008a6b40 (13 bytes)
1715689304.679855 sending message 112 to peer 0x57ee008a6b40 (13 bytes)
1715689304.679859 sending message 112 to peer 0x57ee008a6b40 (13 bytes)
1715689304.679862 sending message 112 to peer 0x57ee008a6b40 (13 bytes)
1715689304.679866 sending message 112 to peer 0x57ee008a6b40 (11 bytes)
1715689304.679870 sending message 112 to peer 0x57ee008a6b40 (12 bytes)
1715689304.679874 sending message 112 to peer 0x57ee008a6b40 (12 bytes)
1715689304.679878 sending message 112 to peer 0x57ee008a6b40 (12 bytes)
1715689304.679882 sending message 112 to peer 0x57ee008a6b40 (12 bytes)
1715689304.679886 sending message 112 to peer 0x57ee008a6b40 (12 bytes)
1715689304.679889 sending message 112 to peer 0x57ee008a6b40 (21 bytes)
1715689304.679893 sending message 112 to peer 0x57ee008a6b40 (12 bytes)
1715689304.679897 sending message 112 to peer 0x57ee008a6b40 (9 bytes)
1715689304.679901 sending message 112 to peer 0x57ee008a6b40 (6 bytes)
1715689304.679905 sending message 112 to peer 0x57ee008a6b40 (13 bytes)
1715689304.679909 sending message 112 to peer 0x57ee008a6b40 (10 bytes)
1715689304.679915 sending message 112 to peer 0x57ee008a6b40 (24 bytes)
1715689304.679919 sending message 112 to peer 0x57ee008a6b40 (13 bytes)
1715689304.679923 sending message 112 to peer 0x57ee008a6b40 (9 bytes)
1715689304.679927 sending message 112 to peer 0x57ee008a6b40 (70 bytes)
1715689304.679931 sending message 112 to peer 0x57ee008a6b40 (69 bytes)
1715689304.679935 sending message 112 to peer 0x57ee008a6b40 (12 bytes)
1715689304.679939 sending message 112 to peer 0x57ee008a6b40 (10 bytes)
1715689304.679943 sending message 112 to peer 0x57ee008a6b40 (10 bytes)
1715689304.679947 sending message 112 to peer 0x57ee008a6b40 (24 bytes)
1715689304.679951 sending message 112 to peer 0x57ee008a6b40 (13 bytes)
1715689304.679955 sending message 112 to peer 0x57ee008a6b40 (10 bytes)
1715689304.679958 sending message 112 to peer 0x57ee008a6b40 (10 bytes)
1715689304.679962 sending message 112 to peer 0x57ee008a6b40 (10 bytes)
1715689304.679966 sending message 112 to peer 0x57ee008a6b40 (13 bytes)
1715689304.679970 sending message 112 to peer 0x57ee008a6b40 (15 bytes)
1715689304.679974 sending message 112 to peer 0x57ee008a6b40 (5 bytes)
1715689304.679981 sending message 104 to peer 0x57ee008a6b40 (0 bytes)
1715689304.679986 sending message 110 to peer 0x57ee008a6b40 (0 bytes)
1715689304.679991 sending message 107 to peer 0x57ee008a6b40 (4 bytes)
1715689304.679995 sending message 105 to peer 0x57ee008a6b40 (16 bytes)
1715689304.679999 sending message 105 to peer 0x57ee008a6b40 (20 bytes)
1715689304.680003 sending message 105 to peer 0x57ee008a6b40 (28 bytes)
1715689304.680007 sending message 105 to peer 0x57ee008a6b40 (31 bytes)
1715689304.680011 sending message 105 to peer 0x57ee008a6b40 (15 bytes)
1715689304.680014 sending message 105 to peer 0x57ee008a6b40 (21 bytes)
1715689304.680018 sending message 105 to peer 0x57ee008a6b40 (124 bytes)
1715689304.680022 sending message 105 to peer 0x57ee008a6b40 (15 bytes)
1715689304.680026 sending message 105 to peer 0x57ee008a6b40 (18 bytes)
1715689304.680030 sending message 105 to peer 0x57ee008a6b40 (13 bytes)
1715689304.680038 sending message 105 to peer 0x57ee008a6b40 (1519 bytes)
1715689304.680056 sending message 105 to peer 0x57ee008a6b40 (32 bytes)
1715689304.680061 sending message 105 to peer 0x57ee008a6b40 (138 bytes)
1715689304.680070 sending message 105 to peer 0x57ee008a6b40 (52 bytes)
1715689304.680075 sending message 105 to peer 0x57ee008a6b40 (31 bytes)
1715689304.680079 sending message 105 to peer 0x57ee008a6b40 (34 bytes)
1715689304.680083 sending message 105 to peer 0x57ee008a6b40 (23 bytes)
1715689304.680088 sending message 105 to peer 0x57ee008a6b40 (20 bytes)
1715689304.680092 sending message 105 to peer 0x57ee008a6b40 (32 bytes)
1715689304.680096 sending message 105 to peer 0x57ee008a6b40 (12 bytes)
1715689304.680100 sending message 105 to peer 0x57ee008a6b40 (64 bytes)
1715689304.680104 sending message 105 to peer 0x57ee008a6b40 (8 bytes)
1715689304.680108 sending message 105 to peer 0x57ee008a6b40 (17 bytes)
1715689304.680112 sending message 105 to peer 0x57ee008a6b40 (31 bytes)
1715689304.680116 sending message 105 to peer 0x57ee008a6b40 (53 bytes)
1715689304.680120 sending message 105 to peer 0x57ee008a6b40 (34 bytes)
1715689304.680124 sending message 105 to peer 0x57ee008a6b40 (155 bytes)
1715689304.680128 sending message 105 to peer 0x57ee008a6b40 (65 bytes)
1715689304.680132 sending message 105 to peer 0x57ee008a6b40 (126 bytes)
1715689304.680136 sending message 105 to peer 0x57ee008a6b40 (214 bytes)
1715689304.680140 sending message 105 to peer 0x57ee008a6b40 (54 bytes)
1715689304.680144 sending message 105 to peer 0x57ee008a6b40 (20 bytes)
1715689304.680148 sending message 105 to peer 0x57ee008a6b40 (88 bytes)
1715689304.680152 sending message 105 to peer 0x57ee008a6b40 (16 bytes)
1715689304.680156 sending message 105 to peer 0x57ee008a6b40 (20 bytes)
1715689304.680160 sending message 106 to peer 0x57ee008a6b40 (0 bytes)
1715689304.680168 sending message 200 to peer 0x57ee008a6b40 (4 bytes)
1715689304.680172 client loop enter
1715689304.680465 client_signal: Child exited
1715689304.752894 peer 0x57ee008a6b40 message 207
1715689304.752907 sending message 208 to peer 0x57ee008a6b40 (0 bytes)
1715689331.217810 peer 0x57ee008a6b40 message 201
1715689331.217821 sending message 205 to peer 0x57ee008a6b40 (0 bytes)
1715689331.218386 peer 0x57ee008a6b40 message 204
1715689331.218393 client loop exit
